Course Name: سيستم هاي کامپيوتري امن
Professor: اشكان سامي
شنبهs from 07:30 to 09:00 دو شنبهs from 07:30 to 09:00 
_________________________________________________________
Course Name: زبان ماشين و برنامه سازي سيستم
Professor: غلامحسين دستغيبي فرد
شنبهs from 09:00 to 10:30 دو شنبهs from 09:00 to 10:30 
_________________________________________________________
Course Name: مدارهاي الكترونيكي
Professor: رضا بوستاني
شنبهs from 09:00 to 10:30 دو شنبهs from 09:00 to 10:30 
_________________________________________________________
Course Name: اصول طراحي پايگاه داده ها
Professor: مصطفي فخر احمد
شنبهs from 09:00 to 10:30 دو شنبهs from 09:00 to 10:30 
_________________________________________________________
Course Name: هوش مصنوعي
Professor: محمدهادي صدرالديني
شنبهs from 09:00 to 10:30 دو شنبهs from 09:00 to 10:30 
_________________________________________________________
Course Name: معماري هاي قابل باز پيكربندي
Professor: رضا ثامني
شنبهs from 09:00 to 10:30 دو شنبهs from 09:00 to 10:30 
_________________________________________________________
Course Name: زيست محاسباتي و بيوانفورماتيك
Professor: اقبال منصوري
شنبهs from 09:00 to 10:30 دو شنبهs from 09:00 to 10:30 
_________________________________________________________
Course Name: مباني و برنامه نويسي كامپيوتر - مهندسي
Professor: شهرام جعفري
شنبهs from 10:30 to 12:00 دو شنبهs from 10:30 to 12:00 
_________________________________________________________
Course Name: مباني كامپيوتر و برنامه نويسي
Professor: احمد توحيدي
شنبهs from 10:30 to 12:00 دو شنبهs from 10:30 to 12:00 
_________________________________________________________
Course Name: روشهاي محاسبات عددي
Professor: اشكان سامي
شنبهs from 10:30 to 12:00 دو شنبهs from 10:30 to 12:00 
_________________________________________________________
Course Name: پردازش سيگنالهاي ديجيتال
Professor: فرشاد تاجري پور
شنبهs from 10:30 to 12:00 دو شنبهs from 10:30 to 12:00 
_________________________________________________________
Course Name: پايگاه داده پيشرفته
Professor: محمدهادي صدرالديني
شنبهs from 10:30 to 12:00 دو شنبهs from 10:30 to 12:00 
_________________________________________________________
Course Name: مديريت دانش
Professor: هومان تحيري
شنبهs from 10:30 to 12:00 دو شنبهs from 10:30 to 12:00 
_________________________________________________________
Course Name: مباني و برنامه نويسي كامپيوتر - مهندسي
Professor: نيلوفر مظفري
شنبهs from 14:00 to 15:30 دو شنبهs from 14:00 to 15:30 
_________________________________________________________
Course Name: تحليل عددي
Professor: احمد پيروزمند
شنبهs from 14:00 to 16:00 
_________________________________________________________
Course Name: آزمدارهاي منطقي
Professor: مصطفي فخر احمد
شنبهs from 14:00 to 16:00 
_________________________________________________________
Course Name: آزمايشگاه سيستم هاي عامل
Professor: سيدمحمدرضا موسوي
شنبهs from 14:00 to 16:00 
_________________________________________________________
Course Name: آزشبكه هاي كامپيوتري
Professor: مرتضي تاجبخش
شنبهs from 14:00 to 16:00 
_________________________________________________________
Course Name: آزالكترونيك ديجيتال
Professor: فرشاد تاجري پور
شنبهs from 14:00 to 16:00 
_________________________________________________________
Course Name: مدارهاي منطقي
Professor: فرشاد خون جوش
شنبهs from 15:00 to 16:30 دو شنبهs from 15:00 to 16:30 
_________________________________________________________
Course Name: شيوه ارايه مطالب علمي وفني
Professor: اشكان سامي
شنبهs from 15:00 to 16:30 دو شنبهs from 15:00 to 16:30 
_________________________________________________________
Course Name: سيستم هاي خبره ومهندسي دانش
Professor: شهرام جعفري
شنبهs from 15:00 to 16:30 دو شنبهs from 15:00 to 16:30 
_________________________________________________________
Course Name: توصيف ووارسي برنامه ها
Professor: سيدمحمدرضا موسوي
شنبهs from 15:00 to 16:30 دو شنبهs from 15:00 to 16:30 
_________________________________________________________
Course Name: ابزار دقيق پزشكي
Professor: رضا بوستاني
شنبهs from 15:00 to 16:30 دو شنبهs from 15:00 to 16:30 
_________________________________________________________
Course Name: مباني امنيت اطلاعات
Professor: علي حمزه
شنبهs from 15:00 to 16:30 دو شنبهs from 15:00 to 16:30 
_________________________________________________________
Course Name: رياضيات پيشرفته در مهندسي كامپيوتر
Professor: هومان تحيري
شنبهs from 15:00 to 16:30 دو شنبهs from 15:00 to 16:30 
_________________________________________________________
Course Name: برنامه سازي پيشرفته
Professor: علي حمزه
شنبهs from 16:30 to 18:00 دو شنبهs from 16:30 to 18:00 
_________________________________________________________
Course Name: ذخيره وبازيابي اطلاعات
Professor: محمد طاهري
شنبهs from 16:30 to 18:00 دو شنبهs from 16:30 to 18:00 
_________________________________________________________
Course Name: برنامه نويسي وب
Professor: عليرضا كاظمي
شنبهs from 16:30 to 18:00 دو شنبهs from 16:30 to 18:00 
_________________________________________________________
Course Name: سيگنالهاوسيستمها
Professor: None
شنبهs from 16:30 to 18:00 دو شنبهs from 16:30 to 18:00 
_________________________________________________________
Course Name: داده كاوي
Professor: اشكان سامي
شنبهs from 16:30 to 18:00 دو شنبهs from 16:30 to 18:00 
_________________________________________________________
Course Name: پردازش زمان/فركانس/مكان
Professor: رضا ثامني
شنبهs from 16:30 to 18:00 دو شنبهs from 16:30 to 18:00 
_________________________________________________________
Course Name: طراحي و تحليل الگوريتمها
Professor: سيده زهره عظيمي فر
يک شنبهs from 07:30 to 09:00 سه شنبهs from 07:30 to 09:00 
_________________________________________________________
Course Name: يادگيري ماشين
Professor: ستار هاشمي
يک شنبهs from 07:30 to 09:00 سه شنبهs from 07:30 to 09:00 
_________________________________________________________
Course Name: معماري كامپيوترپيشرفته
Professor: فرشاد خون جوش
يک شنبهs from 07:30 to 09:00 سه شنبهs from 07:30 to 09:00 
_________________________________________________________
Course Name: مهندسي اينترنت
Professor: مرتضي تاجبخش
يک شنبهs from 09:00 to 10:30 سه شنبهs from 09:00 to 10:30 
_________________________________________________________
Course Name: ساختمان داده هاوالگوريتمها 1
Professor: ستار هاشمي
يک شنبهs from 09:00 to 10:30 سه شنبهs from 09:00 to 10:30 
_________________________________________________________
Course Name: اصول طراحي سيستم هاي عامل
Professor: سيدمحمدرضا موسوي
يک شنبهs from 09:00 to 10:30 سه شنبهs from 09:00 to 10:30 
_________________________________________________________
Course Name: اصول برنامه سازي
Professor: محمد طاهري
يک شنبهs from 09:00 to 10:30 سه شنبهs from 09:00 to 10:30 
_________________________________________________________
Course Name: بينايي ماشين
Professor: سيده زهره عظيمي فر
يک شنبهs from 09:00 to 10:30 سه شنبهs from 09:00 to 10:30 
_________________________________________________________
Course Name: سيستمهاوگزاره هاي فازي
Professor: منصور ذوالقدري جهرمي
يک شنبهs from 09:00 to 10:30 سه شنبهs from 09:00 to 10:30 
_________________________________________________________
Course Name: الگوريتم هاي موازي
Professor: غلامحسين دستغيبي فرد
يک شنبهs from 09:00 to 10:30 سه شنبهs from 09:00 to 10:30 
_________________________________________________________
Course Name: تحليل عددي
Professor: عطااله ربيعي
يک شنبهs from 10:30 to 12:30 
_________________________________________________________
Course Name: ساختمان گسسته
Professor: هومان تحيري
يک شنبهs from 10:30 to 12:00 سه شنبهs from 10:30 to 12:00 
_________________________________________________________
Course Name: رياضي مهندسي
Professor: محمد طاهري
يک شنبهs from 10:30 to 12:00 سه شنبهs from 10:30 to 12:00 
_________________________________________________________
Course Name: نظريه زبانهاوماشين
Professor: اقبال منصوري
يک شنبهs from 10:30 to 12:00 سه شنبهs from 10:30 to 12:00 
_________________________________________________________
Course Name: شبكه هاي كامپيوتري
Professor: منصور ذوالقدري جهرمي
يک شنبهs from 10:30 to 12:00 سه شنبهs from 10:30 to 12:00 
_________________________________________________________
Course Name: اصول طراحي كامپايلرها
Professor: مرتضي كشتكاران
يک شنبهs from 10:30 to 12:00 سه شنبهs from 10:30 to 12:00 
_________________________________________________________
Course Name: سيستمهاي عامل پيشرفته
Professor: فرشاد خون جوش
يک شنبهs from 10:30 to 12:00 سه شنبهs from 10:30 to 12:00 
_________________________________________________________
Course Name: شناسايي آماري الگو
Professor: رضا بوستاني
يک شنبهs from 10:30 to 12:00 سه شنبهs from 10:30 to 12:00 
_________________________________________________________
Course Name: شناسايي آماري الگو
Professor: سيده زهره عظيمي فر
يک شنبهs from 10:30 to 12:00 سه شنبهs from 10:30 to 12:00 
_________________________________________________________
Course Name: سيستم هاي اطلاعات مديريت
Professor: غلامحسين دستغيبي فرد
يک شنبهs from 10:30 to 12:00 سه شنبهs from 10:30 to 12:00 
_________________________________________________________
Course Name: مباني و برنامه نويسي كامپيوتر - مهندسي
Professor: مهسا محدثي
يک شنبهs from 14:00 to 15:30 سه شنبهs from 14:00 to 15:30 
_________________________________________________________
Course Name: برنامه نويسي كامپيوتر - علوم
Professor: اميرحسين راسخ
يک شنبهs from 14:00 to 16:00 
_________________________________________________________
Course Name: آزمدارهاي الكتريكي 1
Professor: فرشاد تاجري پور
يک شنبهs from 14:00 to 16:00 
_________________________________________________________
Course Name: آزمايشگاه طراحي مدارهاي ديجيتال
Professor: رضا ثامني
يک شنبهs from 14:00 to 16:00 
_________________________________________________________
Course Name: مباني و برنامه نويسي كامپيوتر - مهندسي
Professor: محمد اسلامي
يک شنبهs from 16:00 to 17:30 سه شنبهs from 16:00 to 17:30 
_________________________________________________________
Course Name: مباني و برنامه نويسي كامپيوتر - مهندسي
Professor: سيد محمود فاموري
يک شنبهs from 16:00 to 17:30 سه شنبهs from 16:00 to 17:30 
_________________________________________________________
Course Name: تحليل عددي
Professor: رامين وطن خواه
يک شنبهs from 16:00 to 18:00 
_________________________________________________________
Course Name: مدارهاي الكتريكي 1
Professor: رضا ثامني
يک شنبهs from 16:30 to 18:00 سه شنبهs from 16:30 to 18:00 
_________________________________________________________
Course Name: معماري كامپيوتر
Professor: سيدمحمدرضا موسوي
يک شنبهs from 16:30 to 18:00 سه شنبهs from 16:30 to 18:00 
_________________________________________________________
Course Name: مهندسي نرم افزار2
Professor: علي حمزه
يک شنبهs from 16:30 to 18:00 سه شنبهs from 16:30 to 18:00 
_________________________________________________________
Course Name: پروتكل هاي ارتباطي وامنيت شبكه
Professor: مرتضي تاجبخش
يک شنبهs from 16:30 to 18:00 سه شنبهs from 16:30 to 18:00 
_________________________________________________________
Course Name: معماري سازماني
Professor: سيدريوف خيامي
يک شنبهs from 16:30 to 18:00 سه شنبهs from 16:30 to 18:00 
_________________________________________________________
Course Name: امنيت شبکه
Professor: ستار هاشمي
يک شنبهs from 16:30 to 18:00 سه شنبهs from 16:30 to 18:00 
_________________________________________________________
Course Name: سيستم هاي کامپيوتري امن
Professor: اشكان سامي
شنبهs from 07:30 to 09:00 دو شنبهs from 07:30 to 09:00 
_________________________________________________________
Course Name: زبان ماشين و برنامه سازي سيستم
Professor: غلامحسين دستغيبي فرد
شنبهs from 09:00 to 10:30 دو شنبهs from 09:00 to 10:30 
_________________________________________________________
Course Name: مدارهاي الكترونيكي
Professor: رضا بوستاني
شنبهs from 09:00 to 10:30 دو شنبهs from 09:00 to 10:30 
_________________________________________________________
Course Name: اصول طراحي پايگاه داده ها
Professor: مصطفي فخر احمد
شنبهs from 09:00 to 10:30 دو شنبهs from 09:00 to 10:30 
_________________________________________________________
Course Name: هوش مصنوعي
Professor: محمدهادي صدرالديني
شنبهs from 09:00 to 10:30 دو شنبهs from 09:00 to 10:30 
_________________________________________________________
Course Name: معماري هاي قابل باز پيكربندي
Professor: رضا ثامني
شنبهs from 09:00 to 10:30 دو شنبهs from 09:00 to 10:30 
_________________________________________________________
Course Name: زيست محاسباتي و بيوانفورماتيك
Professor: اقبال منصوري
شنبهs from 09:00 to 10:30 دو شنبهs from 09:00 to 10:30 
_________________________________________________________
Course Name: مباني و برنامه نويسي كامپيوتر - مهندسي
Professor: شهرام جعفري
شنبهs from 10:30 to 12:00 دو شنبهs from 10:30 to 12:00 
_________________________________________________________
Course Name: مباني كامپيوتر و برنامه نويسي
Professor: احمد توحيدي
شنبهs from 10:30 to 12:00 دو شنبهs from 10:30 to 12:00 
_________________________________________________________
Course Name: روشهاي محاسبات عددي
Professor: اشكان سامي
شنبهs from 10:30 to 12:00 دو شنبهs from 10:30 to 12:00 
_________________________________________________________
Course Name: ريزپردازنده
Professor: محسن  راجي
دو شنبهs from 10:30 to 12:00 چهار شنبهs from 10:30 to 12:00 
_________________________________________________________
Course Name: پردازش سيگنالهاي ديجيتال
Professor: فرشاد تاجري پور
شنبهs from 10:30 to 12:00 دو شنبهs from 10:30 to 12:00 
_________________________________________________________
Course Name: پايگاه داده پيشرفته
Professor: محمدهادي صدرالديني
شنبهs from 10:30 to 12:00 دو شنبهs from 10:30 to 12:00 
_________________________________________________________
Course Name: مديريت دانش
Professor: هومان تحيري
شنبهs from 10:30 to 12:00 دو شنبهs from 10:30 to 12:00 
_________________________________________________________
Course Name: مباني و برنامه نويسي كامپيوتر - مهندسي
Professor: نيلوفر مظفري
شنبهs from 14:00 to 15:30 دو شنبهs from 14:00 to 15:30 
_________________________________________________________
Course Name: آزمدارهاي منطقي
Professor: فرشاد تاجري پور
دو شنبهs from 14:00 to 16:00 
_________________________________________________________
Course Name: آزمايشگاه سيستم هاي عامل
Professor: فرشاد خون جوش
دو شنبهs from 14:00 to 16:00 
_________________________________________________________
Course Name: آزشبكه هاي كامپيوتري
Professor: مرتضي تاجبخش
دو شنبهs from 14:00 to 16:00 
_________________________________________________________
Course Name: مدارهاي منطقي
Professor: فرشاد خون جوش
شنبهs from 15:00 to 16:30 دو شنبهs from 15:00 to 16:30 
_________________________________________________________
Course Name: شيوه ارايه مطالب علمي وفني
Professor: اشكان سامي
شنبهs from 15:00 to 16:30 دو شنبهs from 15:00 to 16:30 
_________________________________________________________
Course Name: طراحي سيستمهاي مدارهاي مجتمع
Professor: محسن  راجي
دو شنبهs from 15:00 to 16:30 چهار شنبهs from 15:00 to 16:30 
_________________________________________________________
Course Name: سيستم هاي خبره ومهندسي دانش
Professor: شهرام جعفري
شنبهs from 15:00 to 16:30 دو شنبهs from 15:00 to 16:30 
_________________________________________________________
Course Name: توصيف ووارسي برنامه ها
Professor: سيدمحمدرضا موسوي
شنبهs from 15:00 to 16:30 دو شنبهs from 15:00 to 16:30 
_________________________________________________________
Course Name: ابزار دقيق پزشكي
Professor: رضا بوستاني
شنبهs from 15:00 to 16:30 دو شنبهs from 15:00 to 16:30 
_________________________________________________________
Course Name: مباني امنيت اطلاعات
Professor: علي حمزه
شنبهs from 15:00 to 16:30 دو شنبهs from 15:00 to 16:30 
_________________________________________________________
Course Name: رياضيات پيشرفته در مهندسي كامپيوتر
Professor: هومان تحيري
شنبهs from 15:00 to 16:30 دو شنبهs from 15:00 to 16:30 
_________________________________________________________
Course Name: برنامه سازي پيشرفته
Professor: علي حمزه
شنبهs from 16:30 to 18:00 دو شنبهs from 16:30 to 18:00 
_________________________________________________________
Course Name: ذخيره وبازيابي اطلاعات
Professor: محمد طاهري
شنبهs from 16:30 to 18:00 دو شنبهs from 16:30 to 18:00 
_________________________________________________________
Course Name: برنامه نويسي وب
Professor: عليرضا كاظمي
شنبهs from 16:30 to 18:00 دو شنبهs from 16:30 to 18:00 
_________________________________________________________
Course Name: سيگنالهاوسيستمها
Professor: None
شنبهs from 16:30 to 18:00 دو شنبهs from 16:30 to 18:00 
_________________________________________________________
Course Name: آزمون و آزمون پذيري سخت افزار
Professor: محسن  راجي
دو شنبهs from 16:30 to 18:00 چهار شنبهs from 16:30 to 18:00 
_________________________________________________________
Course Name: داده كاوي
Professor: اشكان سامي
شنبهs from 16:30 to 18:00 دو شنبهs from 16:30 to 18:00 
_________________________________________________________
Course Name: پردازش زمان/فركانس/مكان
Professor: رضا ثامني
شنبهs from 16:30 to 18:00 دو شنبهs from 16:30 to 18:00 
_________________________________________________________
Course Name: طراحي و تحليل الگوريتمها
Professor: سيده زهره عظيمي فر
يک شنبهs from 07:30 to 09:00 سه شنبهs from 07:30 to 09:00 
_________________________________________________________
Course Name: يادگيري ماشين
Professor: ستار هاشمي
يک شنبهs from 07:30 to 09:00 سه شنبهs from 07:30 to 09:00 
_________________________________________________________
Course Name: معماري كامپيوترپيشرفته
Professor: فرشاد خون جوش
يک شنبهs from 07:30 to 09:00 سه شنبهs from 07:30 to 09:00 
_________________________________________________________
Course Name: مهندسي اينترنت
Professor: مرتضي تاجبخش
يک شنبهs from 09:00 to 10:30 سه شنبهs from 09:00 to 10:30 
_________________________________________________________
Course Name: ساختمان داده هاوالگوريتمها 1
Professor: ستار هاشمي
يک شنبهs from 09:00 to 10:30 سه شنبهs from 09:00 to 10:30 
_________________________________________________________
Course Name: اصول طراحي سيستم هاي عامل
Professor: سيدمحمدرضا موسوي
يک شنبهs from 09:00 to 10:30 سه شنبهs from 09:00 to 10:30 
_________________________________________________________
Course Name: اصول برنامه سازي
Professor: محمد طاهري
يک شنبهs from 09:00 to 10:30 سه شنبهs from 09:00 to 10:30 
_________________________________________________________
Course Name: بينايي ماشين
Professor: سيده زهره عظيمي فر
يک شنبهs from 09:00 to 10:30 سه شنبهs from 09:00 to 10:30 
_________________________________________________________
Course Name: سيستمهاوگزاره هاي فازي
Professor: منصور ذوالقدري جهرمي
يک شنبهs from 09:00 to 10:30 سه شنبهs from 09:00 to 10:30 
_________________________________________________________
Course Name: الگوريتم هاي موازي
Professor: غلامحسين دستغيبي فرد
يک شنبهs from 09:00 to 10:30 سه شنبهs from 09:00 to 10:30 
_________________________________________________________
Course Name: ساختمان گسسته
Professor: هومان تحيري
يک شنبهs from 10:30 to 12:00 سه شنبهs from 10:30 to 12:00 
_________________________________________________________
Course Name: رياضي مهندسي
Professor: محمد طاهري
يک شنبهs from 10:30 to 12:00 سه شنبهs from 10:30 to 12:00 
_________________________________________________________
Course Name: نظريه زبانهاوماشين
Professor: اقبال منصوري
يک شنبهs from 10:30 to 12:00 سه شنبهs from 10:30 to 12:00 
_________________________________________________________
Course Name: شبكه هاي كامپيوتري
Professor: منصور ذوالقدري جهرمي
يک شنبهs from 10:30 to 12:00 سه شنبهs from 10:30 to 12:00 
_________________________________________________________
Course Name: اصول طراحي كامپايلرها
Professor: مرتضي كشتكاران
يک شنبهs from 10:30 to 12:00 سه شنبهs from 10:30 to 12:00 
_________________________________________________________
Course Name: سيستمهاي عامل پيشرفته
Professor: فرشاد خون جوش
يک شنبهs from 10:30 to 12:00 سه شنبهs from 10:30 to 12:00 
_________________________________________________________
Course Name: شناسايي آماري الگو
Professor: رضا بوستاني
يک شنبهs from 10:30 to 12:00 سه شنبهs from 10:30 to 12:00 
_________________________________________________________
Course Name: شناسايي آماري الگو
Professor: سيده زهره عظيمي فر
يک شنبهs from 10:30 to 12:00 سه شنبهs from 10:30 to 12:00 
_________________________________________________________
Course Name: سيستم هاي اطلاعات مديريت
Professor: غلامحسين دستغيبي فرد
يک شنبهs from 10:30 to 12:00 سه شنبهs from 10:30 to 12:00 
_________________________________________________________
Course Name: مباني و برنامه نويسي كامپيوتر - مهندسي
Professor: مهسا محدثي
يک شنبهs from 14:00 to 15:30 سه شنبهs from 14:00 to 15:30 
_________________________________________________________
Course Name: تحليل عددي
Professor: سجاد نيك نام
سه شنبهs from 14:00 to 16:00 
_________________________________________________________
Course Name: آزمدارهاي الكتريكي 1
Professor: فرشاد تاجري پور
سه شنبهs from 14:00 to 16:00 
_________________________________________________________
Course Name: آزمعماري كامپيوتر
Professor: اقبال منصوري
سه شنبهs from 14:00 to 16:00 
_________________________________________________________
Course Name: مباني و برنامه نويسي كامپيوتر - مهندسي
Professor: محمد اسلامي
يک شنبهs from 16:00 to 17:30 سه شنبهs from 16:00 to 17:30 
_________________________________________________________
Course Name: مباني و برنامه نويسي كامپيوتر - مهندسي
Professor: سيد محمود فاموري
يک شنبهs from 16:00 to 17:30 سه شنبهs from 16:00 to 17:30 
_________________________________________________________
Course Name: تحليل عددي
Professor: سام حمزه لو
سه شنبهs from 16:00 to 18:00 
_________________________________________________________
Course Name: مدارهاي الكتريكي 1
Professor: رضا ثامني
يک شنبهs from 16:30 to 18:00 سه شنبهs from 16:30 to 18:00 
_________________________________________________________
Course Name: معماري كامپيوتر
Professor: سيدمحمدرضا موسوي
يک شنبهs from 16:30 to 18:00 سه شنبهs from 16:30 to 18:00 
_________________________________________________________
Course Name: مهندسي نرم افزار2
Professor: علي حمزه
يک شنبهs from 16:30 to 18:00 سه شنبهs from 16:30 to 18:00 
_________________________________________________________
Course Name: پروتكل هاي ارتباطي وامنيت شبكه
Professor: مرتضي تاجبخش
يک شنبهs from 16:30 to 18:00 سه شنبهs from 16:30 to 18:00 
_________________________________________________________
Course Name: معماري سازماني
Professor: سيدريوف خيامي
يک شنبهs from 16:30 to 18:00 سه شنبهs from 16:30 to 18:00 
_________________________________________________________
Course Name: امنيت شبکه
Professor: ستار هاشمي
يک شنبهs from 16:30 to 18:00 سه شنبهs from 16:30 to 18:00 
_________________________________________________________
Course Name: آزمايشگاه كامپيوتر
Professor: غلامحسين دستغيبي فرد
چهار شنبهs from 08:00 to 10:00 
_________________________________________________________
Course Name: آزمايشگاه كامپيوتر
Professor: علي حمزه
چهار شنبهs from 10:00 to 12:00 
_________________________________________________________
Course Name: ريزپردازنده
Professor: محسن  راجي
دو شنبهs from 10:30 to 12:00 چهار شنبهs from 10:30 to 12:00 
_________________________________________________________
Course Name: آزمعماري كامپيوتر
Professor: فرشاد تاجري پور
چهار شنبهs from 14:00 to 16:00 
_________________________________________________________
Course Name: طراحي سيستمهاي مدارهاي مجتمع
Professor: محسن  راجي
دو شنبهs from 15:00 to 16:30 چهار شنبهs from 15:00 to 16:30 
_________________________________________________________
Course Name: آزمون و آزمون پذيري سخت افزار
Professor: محسن  راجي
دو شنبهs from 16:30 to 18:00 چهار شنبهs from 16:30 to 18:00 
_________________________________________________________
